2026-04-15 19:52:27 | INFO     | __main__ | ============================================================
2026-04-15 19:52:27 | INFO     | __main__ | INICIO DEL PIPELINE WINE CLASSIFIER
2026-04-15 19:52:27 | INFO     | __main__ | ============================================================
2026-04-15 19:52:27 | INFO     | __main__ | [ FASE 1 ] Carga del dataset
2026-04-15 19:52:27 | INFO     | data_loader | Iniciando carga del dataset Wine...
2026-04-15 19:52:27 | INFO     | data_loader | Dataset cargado correctamente: 178 muestras, 13 características.
2026-04-15 19:52:27 | DEBUG    | data_loader | Clases objetivo: [np.str_('class_0'), np.str_('class_1'), np.str_('class_2')]
2026-04-15 19:52:27 | DEBUG    | data_loader | Distribución de clases:
target
1    71
0    59
2    48
2026-04-15 19:52:27 | INFO     | data_loader | Resumen estadístico del dataset:
2026-04-15 19:52:27 | DEBUG    | data_loader | 
          alcohol  malic_acid         ash  alcalinity_of_ash   magnesium  total_phenols  flavanoids  nonflavanoid_phenols  proanthocyanins  color_intensity         hue  od280/od315_of_diluted_wines      proline      target
count  178.000000  178.000000  178.000000         178.000000  178.000000     178.000000  178.000000            178.000000       178.000000       178.000000  178.000000                    178.000000   178.000000  178.000000
mean    13.000618    2.336348    2.366517          19.494944   99.741573       2.295112    2.029270              0.361854         1.590899         5.058090    0.957449                      2.611685   746.893258    0.938202
std      0.811827    1.117146    0.274344           3.339564   14.282484       0.625851    0.998859              0.124453         0.572359         2.318286    0.228572                      0.709990   314.907474    0.775035
min     11.030000    0.740000    1.360000          10.600000   70.000000       0.980000    0.340000              0.130000         0.410000         1.280000    0.480000                      1.270000   278.000000    0.000000
25%     12.362500    1.602500    2.210000          17.200000   88.000000       1.742500    1.205000              0.270000         1.250000         3.220000    0.782500                      1.937500   500.500000    0.000000
50%     13.050000    1.865000    2.360000          19.500000   98.000000       2.355000    2.135000              0.340000         1.555000         4.690000    0.965000                      2.780000   673.500000    1.000000
75%     13.677500    3.082500    2.557500          21.500000  107.000000       2.800000    2.875000              0.437500         1.950000         6.200000    1.120000                      3.170000   985.000000    2.000000
max     14.830000    5.800000    3.230000          30.000000  162.000000       3.880000    5.080000              0.660000         3.580000        13.000000    1.710000                      4.000000  1680.000000    2.000000
2026-04-15 19:52:27 | INFO     | __main__ | [ FASE 2 ] Preprocesamiento de datos
2026-04-15 19:52:27 | INFO     | preprocessor | Iniciando preprocesamiento de datos...
2026-04-15 19:52:27 | DEBUG    | preprocessor | Características seleccionadas: ['alcohol', 'malic_acid', 'ash', 'alcalinity_of_ash', 'magnesium', 'total_phenols', 'flavanoids', 'nonflavanoid_phenols', 'proanthocyanins', 'color_intensity', 'hue', 'od280/od315_of_diluted_wines', 'proline']
2026-04-15 19:52:27 | DEBUG    | preprocessor | Distribución de etiquetas:
target
1    71
0    59
2    48
2026-04-15 19:52:27 | INFO     | preprocessor | Escalado completado. Forma de X_scaled: (178, 13)
2026-04-15 19:52:27 | DEBUG    | preprocessor | Media por característica (después del escalado): [-0. -0. -0. -0. -0.  0. -0.  0. -0.  0.  0.  0. -0.]
2026-04-15 19:52:27 | INFO     | __main__ | [ FASE 3 ] División de datos (train/test)
2026-04-15 19:52:27 | INFO     | trainer | Dividiendo datos en conjuntos de entrenamiento y prueba...
2026-04-15 19:52:27 | INFO     | trainer | División completada → Entrenamiento: 70% | Prueba: 30%
2026-04-15 19:52:27 | DEBUG    | trainer | Tamaño X_train: (124, 13) | X_test: (54, 13)
2026-04-15 19:52:27 | INFO     | __main__ | [ FASE 4 ] Entrenamiento de modelos
2026-04-15 19:52:27 | INFO     | trainer | Iniciando entrenamiento de 3 modelo(s): ['logistic_regression', 'svm', 'decision_tree']
2026-04-15 19:52:27 | DEBUG    | trainer | Entrenando 'logistic_regression' con parámetros: {'max_iter': 200}
2026-04-15 19:52:27 | INFO     | trainer | ✔ Modelo 'logistic_regression' entrenado correctamente.
2026-04-15 19:52:27 | DEBUG    | trainer | Entrenando 'svm' con parámetros: {'kernel': 'rbf', 'C': 1.0}
2026-04-15 19:52:27 | INFO     | trainer | ✔ Modelo 'svm' entrenado correctamente.
2026-04-15 19:52:27 | DEBUG    | trainer | Entrenando 'decision_tree' con parámetros: por defecto
2026-04-15 19:52:27 | INFO     | trainer | ✔ Modelo 'decision_tree' entrenado correctamente.
2026-04-15 19:52:27 | INFO     | trainer | Entrenamiento finalizado. Modelos disponibles: ['logistic_regression', 'svm', 'decision_tree']
2026-04-15 19:52:27 | INFO     | __main__ | [ FASE 5 ] Evaluación de modelos entrenados
2026-04-15 19:52:27 | INFO     | evaluator | Evaluando 3 modelo(s)...
2026-04-15 19:52:27 | DEBUG    | evaluator | Generando predicciones para 'logistic_regression'...
2026-04-15 19:52:27 | INFO     | evaluator | [logistic_regression] Accuracy: 0.9630 (96.30%)
2026-04-15 19:52:27 | DEBUG    | evaluator | [logistic_regression] Reporte de clasificación:
              precision    recall  f1-score   support

     class_0       1.00      1.00      1.00        17
     class_1       1.00      0.92      0.96        25
     class_2       0.86      1.00      0.92        12

    accuracy                           0.96        54
   macro avg       0.95      0.97      0.96        54
weighted avg       0.97      0.96      0.96        54

2026-04-15 19:52:27 | DEBUG    | evaluator | [logistic_regression] Matriz de confusión:
[[17  0  0]
 [ 0 23  2]
 [ 0  0 12]]
2026-04-15 19:52:27 | DEBUG    | evaluator | Generando predicciones para 'svm'...
2026-04-15 19:52:27 | INFO     | evaluator | [svm] Accuracy: 1.0000 (100.00%)
2026-04-15 19:52:27 | DEBUG    | evaluator | [svm] Reporte de clasificación:
              precision    recall  f1-score   support

     class_0       1.00      1.00      1.00        17
     class_1       1.00      1.00      1.00        25
     class_2       1.00      1.00      1.00        12

    accuracy                           1.00        54
   macro avg       1.00      1.00      1.00        54
weighted avg       1.00      1.00      1.00        54

2026-04-15 19:52:27 | DEBUG    | evaluator | [svm] Matriz de confusión:
[[17  0  0]
 [ 0 25  0]
 [ 0  0 12]]
2026-04-15 19:52:27 | DEBUG    | evaluator | Generando predicciones para 'decision_tree'...
2026-04-15 19:52:27 | INFO     | evaluator | [decision_tree] Accuracy: 0.9259 (92.59%)
2026-04-15 19:52:27 | DEBUG    | evaluator | [decision_tree] Reporte de clasificación:
              precision    recall  f1-score   support

     class_0       0.89      0.94      0.91        17
     class_1       0.96      0.88      0.92        25
     class_2       0.92      1.00      0.96        12

    accuracy                           0.93        54
   macro avg       0.92      0.94      0.93        54
weighted avg       0.93      0.93      0.93        54

2026-04-15 19:52:27 | DEBUG    | evaluator | [decision_tree] Matriz de confusión:
[[16  1  0]
 [ 2 22  1]
 [ 0  0 12]]
2026-04-15 19:52:27 | INFO     | evaluator | Evaluación finalizada.
2026-04-15 19:52:27 | INFO     | evaluator | Mejor modelo: 'svm' | Accuracy: 1.0000
2026-04-15 19:52:27 | DEBUG    | model_manager | ModelManager inicializado. Directorio de modelos: 'saved_models'
2026-04-15 19:52:27 | INFO     | __main__ | [ FASE 6 ] Guardado de modelos en disco
2026-04-15 19:52:27 | INFO     | model_manager | Guardando 3 modelo(s) en 'saved_models'...
2026-04-15 19:52:27 | INFO     | model_manager | ✔ Modelo 'logistic_regression' guardado en: saved_models\logistic_regression.joblib
2026-04-15 19:52:27 | INFO     | model_manager | ✔ Modelo 'svm' guardado en: saved_models\svm.joblib
2026-04-15 19:52:27 | INFO     | model_manager | ✔ Modelo 'decision_tree' guardado en: saved_models\decision_tree.joblib
2026-04-15 19:52:27 | INFO     | model_manager | Proceso de guardado completado. 3/3 modelo(s) guardados.
2026-04-15 19:52:27 | INFO     | __main__ | [ FASE 7 ] Recarga de modelos desde disco y re-evaluación
2026-04-15 19:52:27 | INFO     | model_manager | Cargando 3 modelo(s) desde 'saved_models'...
2026-04-15 19:52:27 | INFO     | model_manager | ✔ Modelo 'decision_tree' cargado desde: saved_models\decision_tree.joblib
2026-04-15 19:52:27 | INFO     | model_manager | ✔ Modelo 'logistic_regression' cargado desde: saved_models\logistic_regression.joblib
2026-04-15 19:52:27 | INFO     | model_manager | ✔ Modelo 'svm' cargado desde: saved_models\svm.joblib
2026-04-15 19:52:27 | INFO     | model_manager | Carga completada. 3/3 modelo(s) disponibles.
2026-04-15 19:52:27 | INFO     | evaluator | Evaluando 3 modelo(s)...
2026-04-15 19:52:27 | DEBUG    | evaluator | Generando predicciones para 'decision_tree'...
2026-04-15 19:52:27 | INFO     | evaluator | [decision_tree] Accuracy: 0.9259 (92.59%)
2026-04-15 19:52:27 | DEBUG    | evaluator | [decision_tree] Reporte de clasificación:
              precision    recall  f1-score   support

     class_0       0.89      0.94      0.91        17
     class_1       0.96      0.88      0.92        25
     class_2       0.92      1.00      0.96        12

    accuracy                           0.93        54
   macro avg       0.92      0.94      0.93        54
weighted avg       0.93      0.93      0.93        54

2026-04-15 19:52:27 | DEBUG    | evaluator | [decision_tree] Matriz de confusión:
[[16  1  0]
 [ 2 22  1]
 [ 0  0 12]]
2026-04-15 19:52:27 | DEBUG    | evaluator | Generando predicciones para 'logistic_regression'...
2026-04-15 19:52:27 | INFO     | evaluator | [logistic_regression] Accuracy: 0.9630 (96.30%)
2026-04-15 19:52:27 | DEBUG    | evaluator | [logistic_regression] Reporte de clasificación:
              precision    recall  f1-score   support

     class_0       1.00      1.00      1.00        17
     class_1       1.00      0.92      0.96        25
     class_2       0.86      1.00      0.92        12

    accuracy                           0.96        54
   macro avg       0.95      0.97      0.96        54
weighted avg       0.97      0.96      0.96        54

2026-04-15 19:52:27 | DEBUG    | evaluator | [logistic_regression] Matriz de confusión:
[[17  0  0]
 [ 0 23  2]
 [ 0  0 12]]
2026-04-15 19:52:27 | DEBUG    | evaluator | Generando predicciones para 'svm'...
2026-04-15 19:52:27 | INFO     | evaluator | [svm] Accuracy: 1.0000 (100.00%)
2026-04-15 19:52:27 | DEBUG    | evaluator | [svm] Reporte de clasificación:
              precision    recall  f1-score   support

     class_0       1.00      1.00      1.00        17
     class_1       1.00      1.00      1.00        25
     class_2       1.00      1.00      1.00        12

    accuracy                           1.00        54
   macro avg       1.00      1.00      1.00        54
weighted avg       1.00      1.00      1.00        54

2026-04-15 19:52:27 | DEBUG    | evaluator | [svm] Matriz de confusión:
[[17  0  0]
 [ 0 25  0]
 [ 0  0 12]]
2026-04-15 19:52:27 | INFO     | evaluator | Evaluación finalizada.
2026-04-15 19:52:27 | INFO     | __main__ | Re-evaluación de modelos recargados completada.
2026-04-15 19:52:27 | INFO     | __main__ | ============================================================
2026-04-15 19:52:27 | INFO     | __main__ | PIPELINE COMPLETADO EXITOSAMENTE
2026-04-15 19:52:27 | INFO     | __main__ | ============================================================
2026-04-15 19:56:18 | INFO     | __main__ | ============================================================
2026-04-15 19:56:18 | INFO     | __main__ | INICIO DEL PIPELINE WINE CLASSIFIER
2026-04-15 19:56:18 | INFO     | __main__ | ============================================================
2026-04-15 19:56:18 | INFO     | __main__ | [ FASE 1 ] Carga del dataset
2026-04-15 19:56:18 | INFO     | data_loader | Iniciando carga del dataset Wine...
2026-04-15 19:56:18 | INFO     | data_loader | Dataset cargado correctamente: 178 muestras, 13 características.
2026-04-15 19:56:18 | DEBUG    | data_loader | Clases objetivo: [np.str_('class_0'), np.str_('class_1'), np.str_('class_2')]
2026-04-15 19:56:18 | DEBUG    | data_loader | Distribución de clases:
target
1    71
0    59
2    48
2026-04-15 19:56:18 | INFO     | data_loader | Resumen estadístico del dataset:
2026-04-15 19:56:18 | DEBUG    | data_loader | 
          alcohol  malic_acid         ash  alcalinity_of_ash   magnesium  total_phenols  flavanoids  nonflavanoid_phenols  proanthocyanins  color_intensity         hue  od280/od315_of_diluted_wines      proline      target
count  178.000000  178.000000  178.000000         178.000000  178.000000     178.000000  178.000000            178.000000       178.000000       178.000000  178.000000                    178.000000   178.000000  178.000000
mean    13.000618    2.336348    2.366517          19.494944   99.741573       2.295112    2.029270              0.361854         1.590899         5.058090    0.957449                      2.611685   746.893258    0.938202
std      0.811827    1.117146    0.274344           3.339564   14.282484       0.625851    0.998859              0.124453         0.572359         2.318286    0.228572                      0.709990   314.907474    0.775035
min     11.030000    0.740000    1.360000          10.600000   70.000000       0.980000    0.340000              0.130000         0.410000         1.280000    0.480000                      1.270000   278.000000    0.000000
25%     12.362500    1.602500    2.210000          17.200000   88.000000       1.742500    1.205000              0.270000         1.250000         3.220000    0.782500                      1.937500   500.500000    0.000000
50%     13.050000    1.865000    2.360000          19.500000   98.000000       2.355000    2.135000              0.340000         1.555000         4.690000    0.965000                      2.780000   673.500000    1.000000
75%     13.677500    3.082500    2.557500          21.500000  107.000000       2.800000    2.875000              0.437500         1.950000         6.200000    1.120000                      3.170000   985.000000    2.000000
max     14.830000    5.800000    3.230000          30.000000  162.000000       3.880000    5.080000              0.660000         3.580000        13.000000    1.710000                      4.000000  1680.000000    2.000000
2026-04-15 19:56:18 | INFO     | __main__ | [ FASE 2 ] Preprocesamiento de datos
2026-04-15 19:56:18 | INFO     | preprocessor | Iniciando preprocesamiento de datos...
2026-04-15 19:56:18 | DEBUG    | preprocessor | Características seleccionadas: ['alcohol', 'malic_acid', 'ash', 'alcalinity_of_ash', 'magnesium', 'total_phenols', 'flavanoids', 'nonflavanoid_phenols', 'proanthocyanins', 'color_intensity', 'hue', 'od280/od315_of_diluted_wines', 'proline']
2026-04-15 19:56:18 | DEBUG    | preprocessor | Distribución de etiquetas:
target
1    71
0    59
2    48
2026-04-15 19:56:18 | INFO     | preprocessor | Escalado completado. Forma de X_scaled: (178, 13)
2026-04-15 19:56:18 | DEBUG    | preprocessor | Media por característica (después del escalado): [-0. -0. -0. -0. -0.  0. -0.  0. -0.  0.  0.  0. -0.]
2026-04-15 19:56:18 | INFO     | __main__ | [ FASE 3 ] División de datos (train/test)
2026-04-15 19:56:18 | INFO     | trainer | Dividiendo datos en conjuntos de entrenamiento y prueba...
2026-04-15 19:56:18 | INFO     | trainer | División completada → Entrenamiento: 70% | Prueba: 30%
2026-04-15 19:56:18 | DEBUG    | trainer | Tamaño X_train: (124, 13) | X_test: (54, 13)
2026-04-15 19:56:18 | INFO     | __main__ | [ FASE 4 ] Entrenamiento de modelos
2026-04-15 19:56:18 | INFO     | trainer | Iniciando entrenamiento de 3 modelo(s): ['logistic_regression', 'svm', 'decision_tree']
2026-04-15 19:56:18 | DEBUG    | trainer | Entrenando 'logistic_regression' con parámetros: {'max_iter': 200}
2026-04-15 19:56:18 | INFO     | trainer | ✔ Modelo 'logistic_regression' entrenado correctamente.
2026-04-15 19:56:18 | DEBUG    | trainer | Entrenando 'svm' con parámetros: {'kernel': 'rbf', 'C': 1.0}
2026-04-15 19:56:18 | INFO     | trainer | ✔ Modelo 'svm' entrenado correctamente.
2026-04-15 19:56:18 | DEBUG    | trainer | Entrenando 'decision_tree' con parámetros: por defecto
2026-04-15 19:56:18 | INFO     | trainer | ✔ Modelo 'decision_tree' entrenado correctamente.
2026-04-15 19:56:18 | INFO     | trainer | Entrenamiento finalizado. Modelos disponibles: ['logistic_regression', 'svm', 'decision_tree']
2026-04-15 19:56:18 | INFO     | __main__ | [ FASE 5 ] Evaluación de modelos entrenados
2026-04-15 19:56:18 | INFO     | evaluator | Evaluando 3 modelo(s)...
2026-04-15 19:56:18 | DEBUG    | evaluator | Generando predicciones para 'logistic_regression'...
2026-04-15 19:56:18 | INFO     | evaluator | [logistic_regression] Accuracy: 0.9630 (96.30%)
2026-04-15 19:56:18 | DEBUG    | evaluator | [logistic_regression] Reporte de clasificación:
              precision    recall  f1-score   support

     class_0       1.00      1.00      1.00        17
     class_1       1.00      0.92      0.96        25
     class_2       0.86      1.00      0.92        12

    accuracy                           0.96        54
   macro avg       0.95      0.97      0.96        54
weighted avg       0.97      0.96      0.96        54

2026-04-15 19:56:18 | DEBUG    | evaluator | [logistic_regression] Matriz de confusión:
[[17  0  0]
 [ 0 23  2]
 [ 0  0 12]]
2026-04-15 19:56:18 | DEBUG    | evaluator | Generando predicciones para 'svm'...
2026-04-15 19:56:18 | INFO     | evaluator | [svm] Accuracy: 1.0000 (100.00%)
2026-04-15 19:56:18 | DEBUG    | evaluator | [svm] Reporte de clasificación:
              precision    recall  f1-score   support

     class_0       1.00      1.00      1.00        17
     class_1       1.00      1.00      1.00        25
     class_2       1.00      1.00      1.00        12

    accuracy                           1.00        54
   macro avg       1.00      1.00      1.00        54
weighted avg       1.00      1.00      1.00        54

2026-04-15 19:56:18 | DEBUG    | evaluator | [svm] Matriz de confusión:
[[17  0  0]
 [ 0 25  0]
 [ 0  0 12]]
2026-04-15 19:56:18 | DEBUG    | evaluator | Generando predicciones para 'decision_tree'...
2026-04-15 19:56:18 | INFO     | evaluator | [decision_tree] Accuracy: 0.9259 (92.59%)
2026-04-15 19:56:18 | DEBUG    | evaluator | [decision_tree] Reporte de clasificación:
              precision    recall  f1-score   support

     class_0       0.94      0.94      0.94        17
     class_1       0.96      0.88      0.92        25
     class_2       0.86      1.00      0.92        12

    accuracy                           0.93        54
   macro avg       0.92      0.94      0.93        54
weighted avg       0.93      0.93      0.93        54

2026-04-15 19:56:18 | DEBUG    | evaluator | [decision_tree] Matriz de confusión:
[[16  1  0]
 [ 1 22  2]
 [ 0  0 12]]
2026-04-15 19:56:18 | INFO     | evaluator | Evaluación finalizada.
2026-04-15 19:56:18 | INFO     | evaluator | Mejor modelo: 'svm' | Accuracy: 1.0000
2026-04-15 19:56:18 | DEBUG    | model_manager | ModelManager inicializado. Directorio de modelos: 'saved_models'
2026-04-15 19:56:18 | INFO     | __main__ | [ FASE 6 ] Guardado de modelos en disco
2026-04-15 19:56:18 | INFO     | model_manager | Guardando 3 modelo(s) en 'saved_models'...
2026-04-15 19:56:18 | INFO     | model_manager | ✔ Modelo 'logistic_regression' guardado en: saved_models\logistic_regression.joblib
2026-04-15 19:56:18 | INFO     | model_manager | ✔ Modelo 'svm' guardado en: saved_models\svm.joblib
2026-04-15 19:56:18 | INFO     | model_manager | ✔ Modelo 'decision_tree' guardado en: saved_models\decision_tree.joblib
2026-04-15 19:56:18 | INFO     | model_manager | Proceso de guardado completado. 3/3 modelo(s) guardados.
2026-04-15 19:56:18 | INFO     | __main__ | [ FASE 7 ] Recarga de modelos desde disco y re-evaluación
2026-04-15 19:56:18 | INFO     | model_manager | Cargando 3 modelo(s) desde 'saved_models'...
2026-04-15 19:56:18 | INFO     | model_manager | ✔ Modelo 'decision_tree' cargado desde: saved_models\decision_tree.joblib
2026-04-15 19:56:18 | INFO     | model_manager | ✔ Modelo 'logistic_regression' cargado desde: saved_models\logistic_regression.joblib
2026-04-15 19:56:18 | INFO     | model_manager | ✔ Modelo 'svm' cargado desde: saved_models\svm.joblib
2026-04-15 19:56:18 | INFO     | model_manager | Carga completada. 3/3 modelo(s) disponibles.
2026-04-15 19:56:18 | INFO     | evaluator | Evaluando 3 modelo(s)...
2026-04-15 19:56:18 | DEBUG    | evaluator | Generando predicciones para 'decision_tree'...
2026-04-15 19:56:18 | INFO     | evaluator | [decision_tree] Accuracy: 0.9259 (92.59%)
2026-04-15 19:56:18 | DEBUG    | evaluator | [decision_tree] Reporte de clasificación:
              precision    recall  f1-score   support

     class_0       0.94      0.94      0.94        17
     class_1       0.96      0.88      0.92        25
     class_2       0.86      1.00      0.92        12

    accuracy                           0.93        54
   macro avg       0.92      0.94      0.93        54
weighted avg       0.93      0.93      0.93        54

2026-04-15 19:56:18 | DEBUG    | evaluator | [decision_tree] Matriz de confusión:
[[16  1  0]
 [ 1 22  2]
 [ 0  0 12]]
2026-04-15 19:56:18 | DEBUG    | evaluator | Generando predicciones para 'logistic_regression'...
2026-04-15 19:56:18 | INFO     | evaluator | [logistic_regression] Accuracy: 0.9630 (96.30%)
2026-04-15 19:56:18 | DEBUG    | evaluator | [logistic_regression] Reporte de clasificación:
              precision    recall  f1-score   support

     class_0       1.00      1.00      1.00        17
     class_1       1.00      0.92      0.96        25
     class_2       0.86      1.00      0.92        12

    accuracy                           0.96        54
   macro avg       0.95      0.97      0.96        54
weighted avg       0.97      0.96      0.96        54

2026-04-15 19:56:18 | DEBUG    | evaluator | [logistic_regression] Matriz de confusión:
[[17  0  0]
 [ 0 23  2]
 [ 0  0 12]]
2026-04-15 19:56:18 | DEBUG    | evaluator | Generando predicciones para 'svm'...
2026-04-15 19:56:18 | INFO     | evaluator | [svm] Accuracy: 1.0000 (100.00%)
2026-04-15 19:56:18 | DEBUG    | evaluator | [svm] Reporte de clasificación:
              precision    recall  f1-score   support

     class_0       1.00      1.00      1.00        17
     class_1       1.00      1.00      1.00        25
     class_2       1.00      1.00      1.00        12

    accuracy                           1.00        54
   macro avg       1.00      1.00      1.00        54
weighted avg       1.00      1.00      1.00        54

2026-04-15 19:56:18 | DEBUG    | evaluator | [svm] Matriz de confusión:
[[17  0  0]
 [ 0 25  0]
 [ 0  0 12]]
2026-04-15 19:56:18 | INFO     | evaluator | Evaluación finalizada.
2026-04-15 19:56:18 | INFO     | __main__ | Re-evaluación de modelos recargados completada.
2026-04-15 19:56:18 | INFO     | __main__ | ============================================================
2026-04-15 19:56:18 | INFO     | __main__ | PIPELINE COMPLETADO EXITOSAMENTE
2026-04-15 19:56:18 | INFO     | __main__ | ============================================================
